<?xml version="1.0" encoding="UTF-8"?>
<testsuite xmlns:xsi="http://www.w3.org/2001/XMLSchema-instance" xsi:noNamespaceSchemaLocation="https://maven.apache.org/surefire/maven-surefire-plugin/xsd/surefire-test-report-3.0.xsd" version="3.0" name="dev.mygroup.LibraryTest" time="0.099" tests="15" errors="0" skipped="0" failures="0">
  <properties>
[...]
</properties>
  <testcase name="testUserCanRetrunBookAsManyBooksPerDay" classname="dev.mygroup.LibraryTest" time="0.036">
    <system-out><![CDATA[Title: Harry Potter
Title: Harry Potter
Title: Hitchhiker's guide to the galaxy
Title: Hitchhiker's guide to the galaxy
Title: It ends with us
Title: It ends with us
Title: Ondskan
Title: Ondskan
Title: Tempelriddaren
Title: Tempelriddaren
Title: The Great Gatsby
Title: The Great Gatsby
Title: The Lord of the Rings
Title: The Lord of the Rings
You have successfully borrowed the book Harry Potter.

Title: Harry Potter
Title: Hitchhiker's guide to the galaxy
Title: Hitchhiker's guide to the galaxy
Title: It ends with us
Title: It ends with us
Title: Ondskan
Title: Ondskan
Title: Tempelriddaren
Title: Tempelriddaren
Title: The Great Gatsby
Title: The Great Gatsby
Title: The Lord of the Rings
Title: The Lord of the Rings
You have successfully borrowed the book Hitchhiker's guide to the galaxy.

Title: Harry Potter
Title: Hitchhiker's guide to the galaxy
Title: It ends with us
Title: It ends with us
Title: Ondskan
Title: Ondskan
Title: Tempelriddaren
Title: Tempelriddaren
Title: The Great Gatsby
Title: The Great Gatsby
Title: The Lord of the Rings
Title: The Lord of the Rings
You have successfully borrowed the book It ends with us.

Title: Harry Potter
Title: Hitchhiker's guide to the galaxy
Title: It ends with us
Title: Ondskan
Title: Ondskan
Title: Tempelriddaren
Title: Tempelriddaren
Title: The Great Gatsby
Title: The Great Gatsby
Title: The Lord of the Rings
Title: The Lord of the Rings
Title: Harry Potter
Title: Hitchhiker's guide to the galaxy
Title: It ends with us
Title: Ondskan
Title: Ondskan
Title: Tempelriddaren
Title: Tempelriddaren
Title: The Great Gatsby
Title: The Great Gatsby
Title: The Lord of the Rings
Title: The Lord of the Rings
You owe us 0 kr in late fees.

Title: Harry Potter
Title: Harry Potter
Title: Hitchhiker's guide to the galaxy
Title: It ends with us
Title: Ondskan
Title: Ondskan
Title: Tempelriddaren
Title: Tempelriddaren
Title: The Great Gatsby
Title: The Great Gatsby
Title: The Lord of the Rings
Title: The Lord of the Rings
You owe us 0 kr in late fees.

Title: Harry Potter
Title: Harry Potter
Title: Hitchhiker's guide to the galaxy
Title: Hitchhiker's guide to the galaxy
Title: It ends with us
Title: Ondskan
Title: Ondskan
Title: Tempelriddaren
Title: Tempelriddaren
Title: The Great Gatsby
Title: The Great Gatsby
Title: The Lord of the Rings
Title: The Lord of the Rings
You owe us 0 kr in late fees.

Title: Harry Potter
Title: Harry Potter
Title: Hitchhiker's guide to the galaxy
Title: Hitchhiker's guide to the galaxy
Title: It ends with us
Title: It ends with us
Title: Ondskan
Title: Ondskan
Title: Tempelriddaren
Title: Tempelriddaren
Title: The Great Gatsby
Title: The Great Gatsby
Title: The Lord of the Rings
Title: The Lord of the Rings
]]></system-out>
  </testcase>
  <testcase name="testBooksInStockListSouldDecreaseDuringBorrowing" classname="dev.mygroup.LibraryTest" time="0.002">
    <system-out><![CDATA[Title: Harry Potter
Title: Harry Potter
Title: Hitchhiker's guide to the galaxy
Title: Hitchhiker's guide to the galaxy
Title: It ends with us
Title: It ends with us
Title: Ondskan
Title: Ondskan
Title: Tempelriddaren
Title: Tempelriddaren
Title: The Great Gatsby
Title: The Great Gatsby
Title: The Lord of the Rings
Title: The Lord of the Rings
Title: Harry Potter
Title: Harry Potter
Title: Hitchhiker's guide to the galaxy
Title: Hitchhiker's guide to the galaxy
Title: It ends with us
Title: It ends with us
Title: Ondskan
Title: Ondskan
Title: Tempelriddaren
Title: Tempelriddaren
Title: The Great Gatsby
Title: The Great Gatsby
Title: The Lord of the Rings
Title: The Lord of the Rings
You have successfully borrowed the book Harry Potter.

Title: Harry Potter
Title: Hitchhiker's guide to the galaxy
Title: Hitchhiker's guide to the galaxy
Title: It ends with us
Title: It ends with us
Title: Ondskan
Title: Ondskan
Title: Tempelriddaren
Title: Tempelriddaren
Title: The Great Gatsby
Title: The Great Gatsby
Title: The Lord of the Rings
Title: The Lord of the Rings
]]></system-out>
  </testcase>
  <testcase name="testListBorrowedBooksBy" classname="dev.mygroup.LibraryTest" time="0.0"/>
  <testcase name="testListBorrowedBooks" classname="dev.mygroup.LibraryTest" time="0.0"/>
  <testcase name="testExtendFunctionResetsBorrowedDaysToZero" classname="dev.mygroup.LibraryTest" time="0.002">
    <system-out><![CDATA[Title: Harry Potter
Title: Harry Potter
Title: Hitchhiker's guide to the galaxy
Title: Hitchhiker's guide to the galaxy
Title: It ends with us
Title: It ends with us
Title: Ondskan
Title: Ondskan
Title: Tempelriddaren
Title: Tempelriddaren
Title: The Great Gatsby
Title: The Great Gatsby
Title: The Lord of the Rings
Title: The Lord of the Rings
You have successfully borrowed the book Harry Potter.

You have successfully extended time for this book Harry Potter today.
]]></system-out>
  </testcase>
  <testcase name="testUserCannotBorrowSameBookTitleAgain" classname="dev.mygroup.LibraryTest" time="0.0">
    <system-out><![CDATA[Title: Harry Potter
Title: Harry Potter
Title: Hitchhiker's guide to the galaxy
Title: Hitchhiker's guide to the galaxy
Title: It ends with us
Title: It ends with us
Title: Ondskan
Title: Ondskan
Title: Tempelriddaren
Title: Tempelriddaren
Title: The Great Gatsby
Title: The Great Gatsby
Title: The Lord of the Rings
Title: The Lord of the Rings
You have successfully borrowed the book Ondskan.

Sorry!You can borrow one book per day.
]]></system-out>
  </testcase>
  <testcase name="testFineAppliedAfterSevenDays" classname="dev.mygroup.LibraryTest" time="0.002">
    <system-out><![CDATA[Title: Harry Potter
Title: Harry Potter
Title: Hitchhiker's guide to the galaxy
Title: Hitchhiker's guide to the galaxy
Title: It ends with us
Title: It ends with us
Title: Ondskan
Title: Ondskan
Title: Tempelriddaren
Title: Tempelriddaren
Title: The Great Gatsby
Title: The Great Gatsby
Title: The Lord of the Rings
Title: The Lord of the Rings
You have successfully borrowed the book Harry Potter.

The book is 9 days late
Title: Harry Potter
Title: Hitchhiker's guide to the galaxy
Title: Hitchhiker's guide to the galaxy
Title: It ends with us
Title: It ends with us
Title: Ondskan
Title: Ondskan
Title: Tempelriddaren
Title: Tempelriddaren
Title: The Great Gatsby
Title: The Great Gatsby
Title: The Lord of the Rings
Title: The Lord of the Rings
You owe us 60 kr in late fees.

]]></system-out>
  </testcase>
  <testcase name="testUserCanBorrowOneBookPerDay" classname="dev.mygroup.LibraryTest" time="0.002">
    <system-out><![CDATA[Title: Harry Potter
Title: Harry Potter
Title: Hitchhiker's guide to the galaxy
Title: Hitchhiker's guide to the galaxy
Title: It ends with us
Title: It ends with us
Title: Ondskan
Title: Ondskan
Title: Tempelriddaren
Title: Tempelriddaren
Title: The Great Gatsby
Title: The Great Gatsby
Title: The Lord of the Rings
Title: The Lord of the Rings
You have successfully borrowed the book Harry Potter.

Sorry!You can borrow one book per day.
]]></system-out>
  </testcase>
  <testcase name="testListAvailableBooks" classname="dev.mygroup.LibraryTest" time="0.0"/>
  <testcase name="testAdvanceDay" classname="dev.mygroup.LibraryTest" time="0.0"/>
  <testcase name="testBorrowBookAddsToBorrowedList" classname="dev.mygroup.LibraryTest" time="0.001">
    <system-out><![CDATA[Title: Harry Potter
Title: Harry Potter
Title: Hitchhiker's guide to the galaxy
Title: Hitchhiker's guide to the galaxy
Title: It ends with us
Title: It ends with us
Title: Ondskan
Title: Ondskan
Title: Tempelriddaren
Title: Tempelriddaren
Title: The Great Gatsby
Title: The Great Gatsby
Title: The Lord of the Rings
Title: The Lord of the Rings
You have successfully borrowed the book Harry Potter.

]]></system-out>
  </testcase>
  <testcase name="testReturnBook" classname="dev.mygroup.LibraryTest" time="0.0"/>
  <testcase name="testMarkBookAsBorrowed" classname="dev.mygroup.LibraryTest" time="0.003">
    <system-out><![CDATA[Title: Harry Potter
Title: Harry Potter
Title: Hitchhiker's guide to the galaxy
Title: Hitchhiker's guide to the galaxy
Title: It ends with us
Title: It ends with us
Title: Ondskan
Title: Ondskan
Title: Tempelriddaren
Title: Tempelriddaren
Title: The Great Gatsby
Title: The Great Gatsby
Title: The Lord of the Rings
Title: The Lord of the Rings
You have successfully borrowed the book Harry Potter.

]]></system-out>
  </testcase>
  <testcase name="testUserCannotBorrowBookMoreThan5Times" classname="dev.mygroup.LibraryTest" time="0.002">
    <system-out><![CDATA[Title: Harry Potter
Title: Harry Potter
Title: Hitchhiker's guide to the galaxy
Title: Hitchhiker's guide to the galaxy
Title: It ends with us
Title: It ends with us
Title: Ondskan
Title: Ondskan
Title: Tempelriddaren
Title: Tempelriddaren
Title: The Great Gatsby
Title: The Great Gatsby
Title: The Lord of the Rings
Title: The Lord of the Rings
You have successfully borrowed the book Harry Potter.

Title: Harry Potter
Title: Hitchhiker's guide to the galaxy
Title: Hitchhiker's guide to the galaxy
Title: It ends with us
Title: It ends with us
Title: Ondskan
Title: Ondskan
Title: Tempelriddaren
Title: Tempelriddaren
Title: The Great Gatsby
Title: The Great Gatsby
Title: The Lord of the Rings
Title: The Lord of the Rings
You have successfully borrowed the book Hitchhiker's guide to the galaxy.

Title: Harry Potter
Title: Hitchhiker's guide to the galaxy
Title: It ends with us
Title: It ends with us
Title: Ondskan
Title: Ondskan
Title: Tempelriddaren
Title: Tempelriddaren
Title: The Great Gatsby
Title: The Great Gatsby
Title: The Lord of the Rings
Title: The Lord of the Rings
You have successfully borrowed the book It ends with us.

Title: Harry Potter
Title: Hitchhiker's guide to the galaxy
Title: It ends with us
Title: Ondskan
Title: Ondskan
Title: Tempelriddaren
Title: Tempelriddaren
Title: The Great Gatsby
Title: The Great Gatsby
Title: The Lord of the Rings
Title: The Lord of the Rings
You have successfully borrowed the book Ondskan.

Title: Harry Potter
Title: Hitchhiker's guide to the galaxy
Title: It ends with us
Title: Ondskan
Title: Tempelriddaren
Title: Tempelriddaren
Title: The Great Gatsby
Title: The Great Gatsby
Title: The Lord of the Rings
Title: The Lord of the Rings
You have successfully borrowed the book Tempelriddaren.

Sorry!You have already borrowed 5 books.
]]></system-out>
  </testcase>
  <testcase name="testExtendTime" classname="dev.mygroup.LibraryTest" time="0.0"/>
</testsuite>